<?xml version="1.0" encoding="UTF-8"?>
<!-- Generated by org.testng.reporters.JUnitReportReporter -->
<testsuite hostname="RLT297" failures="0" tests="1" name="TestScriptZenq.TestScriptZenq.AppTest" time="16.166" errors="0" timestamp="2021-04-20T15:54:06 IST" skipped="0">
  <testcase classname="TestScriptZenq.TestScriptZenq.AppTest" name="testing" time="16.166"/>
  <system-out/>
</testsuite> <!-- TestScriptZenq.TestScriptZenq.AppTest -->
